favourite/build/intermediates/manifest_merge_blame_file/debug/manifest-merger-blame-debug-report.txt
1<?xml version="1.0" encoding="utf-8"?>
2<manifest xmlns:android="http://schemas.android.com/apk/res/android"
3    xmlns:dist="http://schemas.android.com/apk/distribution"
4    featureSplit="favourite"
5    package="com.example.androidexpertcapstone"
6    android:versionCode="1"
7    android:versionName="1.0" >
8
9    <uses-sdk
10        android:minSdkVersion="24"
11        android:targetSdkVersion="24" />
12
13    <dist:module
13-->src\main\AndroidManifest.xml:5:5-13:19
14        dist:instant="false"
14-->src\main\AndroidManifest.xml:6:9-29
15        dist:title="@string/title_favourite" >
15-->src\main\AndroidManifest.xml:7:9-45
16        <dist:delivery>
16-->src\main\AndroidManifest.xml:8:9-10:25
17            <dist:install-time />
17-->src\main\AndroidManifest.xml:9:13-34
18        </dist:delivery>
19
20        <dist:fusing dist:include="true" />
20-->src\main\AndroidManifest.xml:12:9-44
20-->src\main\AndroidManifest.xml:12:22-41
21    </dist:module>
22
23    <application
23-->src\main\AndroidManifest.xml:15:5-27:19
24        android:debuggable="true"
25        android:extractNativeLibs="false"
26        android:testOnly="true" >
27        <activity
27-->src\main\AndroidManifest.xml:16:9-26:20
28            android:name="com.example.favourite.FavouriteActivity"
28-->src\main\AndroidManifest.xml:17:13-46
29            android:exported="true"
29-->src\main\AndroidManifest.xml:18:13-36
30            android:splitName="favourite" >
31            <intent-filter>
31-->src\main\AndroidManifest.xml:20:13-25:29
32                <action android:name="android.intent.action.VIEW" />
32-->src\main\AndroidManifest.xml:21:17-68
32-->src\main\AndroidManifest.xml:21:25-66
33
34                <category android:name="android.intent.category.DEFAULT" />
34-->src\main\AndroidManifest.xml:22:17-75
34-->src\main\AndroidManifest.xml:22:27-73
35
36                <data
36-->src\main\AndroidManifest.xml:23:17-24:47
37                    android:host="favourite"
37-->src\main\AndroidManifest.xml:24:21-45
38                    android:scheme="favouriteapp" />
38-->src\main\AndroidManifest.xml:23:23-52
39            </intent-filter>
40        </activity>
41    </application>
42
43</manifest>